app/build/intermediates/manifest_merge_blame_file/debug/manifest-merger-blame-debug-report.txt
1<?xml version="1.0" encoding="utf-8"?>
2<manifest xmlns:android="http://schemas.android.com/apk/res/android"
3    package="com.driver"
4    android:versionCode="1"
5    android:versionName="1.0" >
6
7    <uses-sdk
8        android:minSdkVersion="16"
8-->src\main\AndroidManifest.xml
9        android:targetSdkVersion="29" />
9-->src\main\AndroidManifest.xml
10
11    <uses-permission android:name="android.permission.INTERNET" />
11-->src\main\AndroidManifest.xml:6:5-67
11-->src\main\AndroidManifest.xml:6:22-64
12    <uses-permission android:name="android.permission.ACCESS_COARSE_LOCATION" />
12-->src\main\AndroidManifest.xml:7:5-81
12-->src\main\AndroidManifest.xml:7:22-78
13    <uses-permission android:name="android.permission.ACCESS_FINE_LOCATION" />
13-->src\main\AndroidManifest.xml:8:5-79
13-->src\main\AndroidManifest.xml:8:22-76
14    <uses-permission android:name="android.permission.ACCESS_NETWORK_STATE" />
14-->src\main\AndroidManifest.xml:9:5-79
14-->src\main\AndroidManifest.xml:9:22-76
15    <uses-permission android:name="android.permission.INTERACT_ACROSS_USERS_FULL" />
15-->src\main\AndroidManifest.xml:10:5-85
15-->src\main\AndroidManifest.xml:10:22-82
16    <uses-permission android:name="android.permission.CAMERA" />
16-->src\main\AndroidManifest.xml:11:5-65
16-->src\main\AndroidManifest.xml:11:22-62
17    <uses-permission android:name="android.permission.READ_PHONE_STATE" />
17-->src\main\AndroidManifest.xml:12:5-75
17-->src\main\AndroidManifest.xml:12:22-72
18    <uses-permission android:name="android.permission.WRITE_EXTERNAL_STORAGE" />
18-->src\main\AndroidManifest.xml:13:5-14:47
18-->src\main\AndroidManifest.xml:13:22-78
19    <uses-permission android:name="android.permission.READ_EXTERNAL_STORAGE" />
19-->src\main\AndroidManifest.xml:15:5-80
19-->src\main\AndroidManifest.xml:15:22-77
20    <uses-permission android:name="android.permission.FLASHLIGHT" />
20-->src\main\AndroidManifest.xml:16:5-69
20-->src\main\AndroidManifest.xml:16:22-66
21    <uses-permission android:name="com.google.android.c2dm.permission.RECEIVE" />
21-->src\main\AndroidManifest.xml:17:5-82
21-->src\main\AndroidManifest.xml:17:22-79
22    <uses-permission android:name="android.permission.GET_TASKS" />
22-->src\main\AndroidManifest.xml:18:5-68
22-->src\main\AndroidManifest.xml:18:22-65
23    <uses-permission android:name="android.permission.SEND_SMS" />
23-->src\main\AndroidManifest.xml:19:5-67
23-->src\main\AndroidManifest.xml:19:22-64
24
25    <permission
25-->src\main\AndroidManifest.xml:21:5-24:44
26        android:name="android.permission.FLASHLIGHT"
26-->src\main\AndroidManifest.xml:22:9-53
27        android:permissionGroup="android.permission-group.HARDWARE_CONTROLS"
27-->src\main\AndroidManifest.xml:23:9-77
28        android:protectionLevel="normal" />
28-->src\main\AndroidManifest.xml:24:9-41
29
30    <uses-feature
30-->src\main\AndroidManifest.xml:26:5-28:36
31        android:name="android.hardware.camera2"
31-->src\main\AndroidManifest.xml:27:9-48
32        android:required="false" />
32-->src\main\AndroidManifest.xml:28:9-33
33    <uses-feature
33-->src\main\AndroidManifest.xml:29:5-31:36
34        android:name="android.hardware.camera.flash"
34-->src\main\AndroidManifest.xml:30:9-53
35        android:required="false" />
35-->src\main\AndroidManifest.xml:31:9-33
36    <uses-feature
36-->src\main\AndroidManifest.xml:32:5-34:36
37        android:name="android.hardware.camera"
37-->src\main\AndroidManifest.xml:33:9-47
38        android:required="false" />
38-->src\main\AndroidManifest.xml:34:9-33
39    <uses-feature
39-->src\main\AndroidManifest.xml:35:5-37:36
40        android:name="android.hardware.camera.front"
40-->src\main\AndroidManifest.xml:36:9-53
41        android:required="false" />
41-->src\main\AndroidManifest.xml:37:9-33
42    <uses-feature
42-->src\main\AndroidManifest.xml:38:5-40:36
43        android:name="android.hardware.camera.autofocus"
43-->src\main\AndroidManifest.xml:39:9-57
44        android:required="false" />
44-->src\main\AndroidManifest.xml:40:9-33
45    <uses-feature
45-->[com.google.android.gms:play-services-maps:12.0.1] AndroidManifest.xml:26:5-28:35
46        android:glEsVersion="0x00020000"
46-->[com.google.android.gms:play-services-maps:12.0.1] AndroidManifest.xml:27:9-41
47        android:required="true" /> <!-- Optional permission for Analytics to run. -->
47-->[com.google.android.gms:play-services-maps:12.0.1] AndroidManifest.xml:28:9-32
48    <uses-permission android:name="android.permission.WAKE_LOCK" />
48-->[com.google.android.gms:play-services-analytics:12.0.1] AndroidManifest.xml:27:5-68
48-->[com.google.android.gms:play-services-analytics:12.0.1] AndroidManifest.xml:27:22-65
49    <uses-permission android:name="android.permission.VIBRATE" />
49-->[com.wdullaer:materialdatetimepicker:2.4.0] AndroidManifest.xml:26:5-66
49-->[com.wdullaer:materialdatetimepicker:2.4.0] AndroidManifest.xml:26:22-63
50    <uses-permission android:name="android.permission.RECEIVE_BOOT_COMPLETED" />
50-->[androidx.work:work-runtime:2.0.1] AndroidManifest.xml:25:5-81
50-->[androidx.work:work-runtime:2.0.1] AndroidManifest.xml:25:22-78
51
52    <permission
52-->[com.google.firebase:firebase-iid:12.0.1] AndroidManifest.xml:28:5-30:47
53        android:name="com.driver.permission.C2D_MESSAGE"
53-->[com.google.firebase:firebase-iid:12.0.1] AndroidManifest.xml:29:9-63
54        android:protectionLevel="signature" />
54-->[com.google.firebase:firebase-iid:12.0.1] AndroidManifest.xml:30:9-44
55
56    <uses-permission android:name="com.driver.permission.C2D_MESSAGE" />
56-->[com.google.firebase:firebase-iid:12.0.1] AndroidManifest.xml:32:5-79
56-->[com.google.firebase:firebase-iid:12.0.1] AndroidManifest.xml:32:22-76
57
58    <application
58-->src\main\AndroidManifest.xml:42:5-102:19
59        android:name="androidx.multidex.MultiDexApplication"
60        android:allowBackup="true"
60-->src\main\AndroidManifest.xml:43:9-35
61        android:appComponentFactory="androidx.core.app.CoreComponentFactory"
61-->[androidx.core:core:1.1.0] AndroidManifest.xml:24:18-86
62        android:debuggable="true"
63        android:icon="@drawable/icon"
63-->src\main\AndroidManifest.xml:44:9-38
64        android:label="@string/app_name"
64-->src\main\AndroidManifest.xml:45:9-41
65        android:networkSecurityConfig="@xml/network_security"
65-->src\main\AndroidManifest.xml:46:9-62
66        android:supportsRtl="true"
66-->src\main\AndroidManifest.xml:47:9-35
67        android:testOnly="true"
68        android:theme="@style/AppTheme"
68-->src\main\AndroidManifest.xml:48:9-40
69        android:usesCleartextTraffic="true" >
69-->src\main\AndroidManifest.xml:49:9-44
70        <uses-library
70-->src\main\AndroidManifest.xml:50:9-52:40
71            android:name="org.apache.http.legacy"
71-->src\main\AndroidManifest.xml:51:13-50
72            android:required="false" />
72-->src\main\AndroidManifest.xml:52:13-37
73
74        <provider
75            android:name="com.driver.utils.GenericFileProvider"
75-->src\main\AndroidManifest.xml:54:13-54
76            android:authorities="com.driver.provider"
76-->src\main\AndroidManifest.xml:55:13-60
77            android:exported="false"
77-->src\main\AndroidManifest.xml:56:13-37
78            android:grantUriPermissions="true" >
78-->src\main\AndroidManifest.xml:57:13-47
79            <meta-data
79-->src\main\AndroidManifest.xml:58:13-60:56
80                android:name="android.support.FILE_PROVIDER_PATHS"
80-->src\main\AndroidManifest.xml:59:17-67
81                android:resource="@xml/file_provider" />
81-->src\main\AndroidManifest.xml:60:17-54
82        </provider>
83
84        <activity android:name="com.driver.HomeActivity" />
84-->src\main\AndroidManifest.xml:62:9-59
84-->src\main\AndroidManifest.xml:62:19-47
85        <activity android:name="com.driver.SplashActivity" >
85-->src\main\AndroidManifest.xml:63:9-69:20
85-->src\main\AndroidManifest.xml:63:19-49
86            <intent-filter>
86-->src\main\AndroidManifest.xml:64:13-68:29
87                <action android:name="android.intent.action.MAIN" />
87-->src\main\AndroidManifest.xml:65:17-69
87-->src\main\AndroidManifest.xml:65:25-66
88
89                <category android:name="android.intent.category.LAUNCHER" />
89-->src\main\AndroidManifest.xml:67:17-77
89-->src\main\AndroidManifest.xml:67:27-74
90            </intent-filter>
91        </activity>
92        <activity
92-->src\main\AndroidManifest.xml:70:9-73:76
93            android:name="com.driver.LoginActivity"
93-->src\main\AndroidManifest.xml:71:13-42
94            android:screenOrientation="portrait"
94-->src\main\AndroidManifest.xml:72:13-49
95            android:windowSoftInputMode="adjustResize|stateAlwaysHidden" />
95-->src\main\AndroidManifest.xml:73:13-73
96        <activity
96-->src\main\AndroidManifest.xml:74:9-77:47
97            android:name="com.driver.MainActivity"
97-->src\main\AndroidManifest.xml:75:13-41
98            android:label="@string/title_activity_main"
98-->src\main\AndroidManifest.xml:76:13-56
99            android:theme="@style/AppTheme" />
99-->src\main\AndroidManifest.xml:77:13-44
100        <activity
100-->src\main\AndroidManifest.xml:78:9-81:55
101            android:name="com.driver.RegisterActivity"
101-->src\main\AndroidManifest.xml:79:13-45
102            android:screenOrientation="fullSensor"
102-->src\main\AndroidManifest.xml:80:13-51
103            android:windowSoftInputMode="adjustPan" />
103-->src\main\AndroidManifest.xml:81:13-52
104        <activity
104-->src\main\AndroidManifest.xml:82:9-84:52
105            android:name="com.driver.DriverTripActivity"
105-->src\main\AndroidManifest.xml:83:13-47
106            android:screenOrientation="portrait" />
106-->src\main\AndroidManifest.xml:84:13-49
107        <activity
107-->src\main\AndroidManifest.xml:85:9-87:52
108            android:name="com.driver.DriverTripDetailActivity"
108-->src\main\AndroidManifest.xml:86:13-53
109            android:screenOrientation="portrait" />
109-->src\main\AndroidManifest.xml:87:13-49
110        <activity
110-->src\main\AndroidManifest.xml:88:9-90:52
111            android:name="com.driver.ChangePasswordActivity"
111-->src\main\AndroidManifest.xml:89:13-51
112            android:screenOrientation="portrait" />
112-->src\main\AndroidManifest.xml:90:13-49
113        <activity
113-->src\main\AndroidManifest.xml:91:9-93:52
114            android:name="com.driver.FinishTripActivity"
114-->src\main\AndroidManifest.xml:92:13-47
115            android:screenOrientation="portrait" />
115-->src\main\AndroidManifest.xml:93:13-49
116
117        <meta-data
117-->src\main\AndroidManifest.xml:95:9-97:55
118            android:name="com.google.android.geo.API_KEY"
118-->src\main\AndroidManifest.xml:96:13-58
119            android:value="@string/google_maps_key" />
119-->src\main\AndroidManifest.xml:97:13-52
120
121        <activity android:name="com.driver.ForgotActivity" />
121-->src\main\AndroidManifest.xml:99:9-52
121-->src\main\AndroidManifest.xml:99:19-49
122        <activity android:name="com.driver.CabPopupActivity" />
122-->src\main\AndroidManifest.xml:100:9-54
122-->src\main\AndroidManifest.xml:100:19-51
123        <activity android:name="com.driver.ProfileEditActivity" />
123-->src\main\AndroidManifest.xml:101:9-57
123-->src\main\AndroidManifest.xml:101:19-54
124
125        <receiver android:name="com.google.android.gms.cast.framework.media.MediaIntentReceiver" />
125-->[com.google.android.gms:play-services-cast-framework:12.0.1] AndroidManifest.xml:8:9-100
125-->[com.google.android.gms:play-services-cast-framework:12.0.1] AndroidManifest.xml:8:19-97
126
127        <service android:name="com.google.android.gms.cast.framework.media.MediaNotificationService" />
127-->[com.google.android.gms:play-services-cast-framework:12.0.1] AndroidManifest.xml:10:9-104
127-->[com.google.android.gms:play-services-cast-framework:12.0.1] AndroidManifest.xml:10:18-101
128        <service android:name="com.google.android.gms.cast.framework.ReconnectionService" />
128-->[com.google.android.gms:play-services-cast-framework:12.0.1] AndroidManifest.xml:11:9-93
128-->[com.google.android.gms:play-services-cast-framework:12.0.1] AndroidManifest.xml:11:18-90
129
130        <receiver
130-->[com.google.android.gms:play-services-analytics:12.0.1] AndroidManifest.xml:30:9-34:20
131            android:name="com.google.android.gms.analytics.AnalyticsReceiver"
131-->[com.google.android.gms:play-services-analytics:12.0.1] AndroidManifest.xml:31:13-78
132            android:enabled="true"
132-->[com.google.android.gms:play-services-analytics:12.0.1] AndroidManifest.xml:32:13-35
133            android:exported="false" >
133-->[com.google.android.gms:play-services-analytics:12.0.1] AndroidManifest.xml:33:13-37
134        </receiver>
135
136        <service
136-->[com.google.android.gms:play-services-analytics:12.0.1] AndroidManifest.xml:36:9-39:40
137            android:name="com.google.android.gms.analytics.AnalyticsService"
137-->[com.google.android.gms:play-services-analytics:12.0.1] AndroidManifest.xml:37:13-77
138            android:enabled="true"
138-->[com.google.android.gms:play-services-analytics:12.0.1] AndroidManifest.xml:38:13-35
139            android:exported="false" />
139-->[com.google.android.gms:play-services-analytics:12.0.1] AndroidManifest.xml:39:13-37
140        <service
140-->[com.google.android.gms:play-services-analytics:12.0.1] AndroidManifest.xml:40:9-44:72
141            android:name="com.google.android.gms.analytics.AnalyticsJobService"
141-->[com.google.android.gms:play-services-analytics:12.0.1] AndroidManifest.xml:41:13-80
142            android:enabled="true"
142-->[com.google.android.gms:play-services-analytics:12.0.1] AndroidManifest.xml:42:13-35
143            android:exported="false"
143-->[com.google.android.gms:play-services-analytics:12.0.1] AndroidManifest.xml:43:13-37
144            android:permission="android.permission.BIND_JOB_SERVICE" />
144-->[com.google.android.gms:play-services-analytics:12.0.1] AndroidManifest.xml:44:13-69
145
146        <provider
146-->[androidx.work:work-runtime:2.0.1] AndroidManifest.xml:28:9-34:35
147            android:name="androidx.work.impl.WorkManagerInitializer"
147-->[androidx.work:work-runtime:2.0.1] AndroidManifest.xml:29:13-69
148            android:authorities="com.driver.workmanager-init"
148-->[androidx.work:work-runtime:2.0.1] AndroidManifest.xml:30:13-68
149            android:directBootAware="false"
149-->[androidx.work:work-runtime:2.0.1] AndroidManifest.xml:31:13-44
150            android:exported="false"
150-->[androidx.work:work-runtime:2.0.1] AndroidManifest.xml:32:13-37
151            android:multiprocess="true" />
151-->[androidx.work:work-runtime:2.0.1] AndroidManifest.xml:33:13-40
152
153        <service
153-->[androidx.work:work-runtime:2.0.1] AndroidManifest.xml:36:9-41:35
154            android:name="androidx.work.impl.background.systemalarm.SystemAlarmService"
154-->[androidx.work:work-runtime:2.0.1] AndroidManifest.xml:37:13-88
155            android:directBootAware="false"
155-->[androidx.work:work-runtime:2.0.1] AndroidManifest.xml:38:13-44
156            android:enabled="@bool/enable_system_alarm_service_default"
156-->[androidx.work:work-runtime:2.0.1] AndroidManifest.xml:39:13-72
157            android:exported="false" />
157-->[androidx.work:work-runtime:2.0.1] AndroidManifest.xml:40:13-37
158        <service
158-->[androidx.work:work-runtime:2.0.1] AndroidManifest.xml:42:9-48:35
159            android:name="androidx.work.impl.background.systemjob.SystemJobService"
159-->[androidx.work:work-runtime:2.0.1] AndroidManifest.xml:43:13-84
160            android:directBootAware="false"
160-->[androidx.work:work-runtime:2.0.1] AndroidManifest.xml:44:13-44
161            android:enabled="@bool/enable_system_job_service_default"
161-->[androidx.work:work-runtime:2.0.1] AndroidManifest.xml:45:13-70
162            android:exported="true"
162-->[androidx.work:work-runtime:2.0.1] AndroidManifest.xml:46:13-36
163            android:permission="android.permission.BIND_JOB_SERVICE" />
163-->[androidx.work:work-runtime:2.0.1] AndroidManifest.xml:47:13-69
164
165        <receiver
165-->[androidx.work:work-runtime:2.0.1] AndroidManifest.xml:50:9-55:35
166            android:name="androidx.work.impl.utils.ForceStopRunnable$BroadcastReceiver"
166-->[androidx.work:work-runtime:2.0.1] AndroidManifest.xml:51:13-88
167            android:directBootAware="false"
167-->[androidx.work:work-runtime:2.0.1] AndroidManifest.xml:52:13-44
168            android:enabled="true"
168-->[androidx.work:work-runtime:2.0.1] AndroidManifest.xml:53:13-35
169            android:exported="false" />
169-->[androidx.work:work-runtime:2.0.1] AndroidManifest.xml:54:13-37
170        <receiver
170-->[androidx.work:work-runtime:2.0.1] AndroidManifest.xml:56:9-66:20
171            android:name="androidx.work.impl.background.systemalarm.ConstraintProxy$BatteryChargingProxy"
171-->[androidx.work:work-runtime:2.0.1] AndroidManifest.xml:57:13-106
172            android:directBootAware="false"
172-->[androidx.work:work-runtime:2.0.1] AndroidManifest.xml:58:13-44
173            android:enabled="false"
173-->[androidx.work:work-runtime:2.0.1] AndroidManifest.xml:59:13-36
174            android:exported="false" >
174-->[androidx.work:work-runtime:2.0.1] AndroidManifest.xml:60:13-37
175            <intent-filter>
175-->[androidx.work:work-runtime:2.0.1] AndroidManifest.xml:62:13-65:29
176                <action android:name="android.intent.action.ACTION_POWER_CONNECTED" />
176-->[androidx.work:work-runtime:2.0.1] AndroidManifest.xml:63:17-87
176-->[androidx.work:work-runtime:2.0.1] AndroidManifest.xml:63:25-84
177                <action android:name="android.intent.action.ACTION_POWER_DISCONNECTED" />
177-->[androidx.work:work-runtime:2.0.1] AndroidManifest.xml:64:17-90
177-->[androidx.work:work-runtime:2.0.1] AndroidManifest.xml:64:25-87
178            </intent-filter>
179        </receiver>
180        <receiver
180-->[androidx.work:work-runtime:2.0.1] AndroidManifest.xml:67:9-77:20
181            android:name="androidx.work.impl.background.systemalarm.ConstraintProxy$BatteryNotLowProxy"
181-->[androidx.work:work-runtime:2.0.1] AndroidManifest.xml:68:13-104
182            android:directBootAware="false"
182-->[androidx.work:work-runtime:2.0.1] AndroidManifest.xml:69:13-44
183            android:enabled="false"
183-->[androidx.work:work-runtime:2.0.1] AndroidManifest.xml:70:13-36
184            android:exported="false" >
184-->[androidx.work:work-runtime:2.0.1] AndroidManifest.xml:71:13-37
185            <intent-filter>
185-->[androidx.work:work-runtime:2.0.1] AndroidManifest.xml:73:13-76:29
186                <action android:name="android.intent.action.BATTERY_OKAY" />
186-->[androidx.work:work-runtime:2.0.1] AndroidManifest.xml:74:17-77
186-->[androidx.work:work-runtime:2.0.1] AndroidManifest.xml:74:25-74
187                <action android:name="android.intent.action.BATTERY_LOW" />
187-->[androidx.work:work-runtime:2.0.1] AndroidManifest.xml:75:17-76
187-->[androidx.work:work-runtime:2.0.1] AndroidManifest.xml:75:25-73
188            </intent-filter>
189        </receiver>
190        <receiver
190-->[androidx.work:work-runtime:2.0.1] AndroidManifest.xml:78:9-88:20
191            android:name="androidx.work.impl.background.systemalarm.ConstraintProxy$StorageNotLowProxy"
191-->[androidx.work:work-runtime:2.0.1] AndroidManifest.xml:79:13-104
192            android:directBootAware="false"
192-->[androidx.work:work-runtime:2.0.1] AndroidManifest.xml:80:13-44
193            android:enabled="false"
193-->[androidx.work:work-runtime:2.0.1] AndroidManifest.xml:81:13-36
194            android:exported="false" >
194-->[androidx.work:work-runtime:2.0.1] AndroidManifest.xml:82:13-37
195            <intent-filter>
195-->[androidx.work:work-runtime:2.0.1] AndroidManifest.xml:84:13-87:29
196                <action android:name="android.intent.action.DEVICE_STORAGE_LOW" />
196-->[androidx.work:work-runtime:2.0.1] AndroidManifest.xml:85:17-83
196-->[androidx.work:work-runtime:2.0.1] AndroidManifest.xml:85:25-80
197                <action android:name="android.intent.action.DEVICE_STORAGE_OK" />
197-->[androidx.work:work-runtime:2.0.1] AndroidManifest.xml:86:17-82
197-->[androidx.work:work-runtime:2.0.1] AndroidManifest.xml:86:25-79
198            </intent-filter>
199        </receiver>
200        <receiver
200-->[androidx.work:work-runtime:2.0.1] AndroidManifest.xml:89:9-98:20
201            android:name="androidx.work.impl.background.systemalarm.ConstraintProxy$NetworkStateProxy"
201-->[androidx.work:work-runtime:2.0.1] AndroidManifest.xml:90:13-103
202            android:directBootAware="false"
202-->[androidx.work:work-runtime:2.0.1] AndroidManifest.xml:91:13-44
203            android:enabled="false"
203-->[androidx.work:work-runtime:2.0.1] AndroidManifest.xml:92:13-36
204            android:exported="false" >
204-->[androidx.work:work-runtime:2.0.1] AndroidManifest.xml:93:13-37
205            <intent-filter>
205-->[androidx.work:work-runtime:2.0.1] AndroidManifest.xml:95:13-97:29
206                <action android:name="android.net.conn.CONNECTIVITY_CHANGE" />
206-->[androidx.work:work-runtime:2.0.1] AndroidManifest.xml:96:17-79
206-->[androidx.work:work-runtime:2.0.1] AndroidManifest.xml:96:25-76
207            </intent-filter>
208        </receiver>
209        <receiver
209-->[androidx.work:work-runtime:2.0.1] AndroidManifest.xml:99:9-110:20
210            android:name="androidx.work.impl.background.systemalarm.RescheduleReceiver"
210-->[androidx.work:work-runtime:2.0.1] AndroidManifest.xml:100:13-88
211            android:directBootAware="false"
211-->[androidx.work:work-runtime:2.0.1] AndroidManifest.xml:101:13-44
212            android:enabled="false"
212-->[androidx.work:work-runtime:2.0.1] AndroidManifest.xml:102:13-36
213            android:exported="false" >
213-->[androidx.work:work-runtime:2.0.1] AndroidManifest.xml:103:13-37
214            <intent-filter>
214-->[androidx.work:work-runtime:2.0.1] AndroidManifest.xml:105:13-109:29
215                <action android:name="android.intent.action.BOOT_COMPLETED" />
215-->[androidx.work:work-runtime:2.0.1] AndroidManifest.xml:106:17-79
215-->[androidx.work:work-runtime:2.0.1] AndroidManifest.xml:106:25-76
216                <action android:name="android.intent.action.TIME_SET" />
216-->[androidx.work:work-runtime:2.0.1] AndroidManifest.xml:107:17-73
216-->[androidx.work:work-runtime:2.0.1] AndroidManifest.xml:107:25-70
217                <action android:name="android.intent.action.TIMEZONE_CHANGED" />
217-->[androidx.work:work-runtime:2.0.1] AndroidManifest.xml:108:17-81
217-->[androidx.work:work-runtime:2.0.1] AndroidManifest.xml:108:25-78
218            </intent-filter>
219        </receiver>
220        <receiver
220-->[androidx.work:work-runtime:2.0.1] AndroidManifest.xml:111:9-120:20
221            android:name="androidx.work.impl.background.systemalarm.ConstraintProxyUpdateReceiver"
221-->[androidx.work:work-runtime:2.0.1] AndroidManifest.xml:112:13-99
222            android:directBootAware="false"
222-->[androidx.work:work-runtime:2.0.1] AndroidManifest.xml:113:13-44
223            android:enabled="@bool/enable_system_alarm_service_default"
223-->[androidx.work:work-runtime:2.0.1] AndroidManifest.xml:114:13-72
224            android:exported="false" >
224-->[androidx.work:work-runtime:2.0.1] AndroidManifest.xml:115:13-37
225            <intent-filter>
225-->[androidx.work:work-runtime:2.0.1] AndroidManifest.xml:117:13-119:29
226                <action android:name="androidx.work.impl.background.systemalarm.UpdateProxies" />
226-->[androidx.work:work-runtime:2.0.1] AndroidManifest.xml:118:17-98
226-->[androidx.work:work-runtime:2.0.1] AndroidManifest.xml:118:25-95
227            </intent-filter>
228        </receiver> <!-- Include the AdActivity and InAppPurchaseActivity configChanges and themes. -->
229        <activity
229-->[com.google.android.gms:play-services-ads-lite:12.0.1] AndroidManifest.xml:29:9-33:64
230            android:name="com.google.android.gms.ads.AdActivity"
230-->[com.google.android.gms:play-services-ads-lite:12.0.1] AndroidManifest.xml:30:13-65
231            android:configChanges="keyboard|keyboardHidden|orientation|screenLayout|uiMode|screenSize|smallestScreenSize"
231-->[com.google.android.gms:play-services-ads-lite:12.0.1] AndroidManifest.xml:31:13-122
232            android:exported="false"
232-->[com.google.android.gms:play-services-ads-lite:12.0.1] AndroidManifest.xml:32:13-37
233            android:theme="@android:style/Theme.Translucent" />
233-->[com.google.android.gms:play-services-ads-lite:12.0.1] AndroidManifest.xml:33:13-61
234        <activity
234-->[com.google.android.gms:play-services-appinvite:12.0.1] AndroidManifest.xml:25:9-34:20
235            android:name="com.google.android.gms.appinvite.PreviewActivity"
235-->[com.google.android.gms:play-services-appinvite:12.0.1] AndroidManifest.xml:26:13-76
236            android:exported="true"
236-->[com.google.android.gms:play-services-appinvite:12.0.1] AndroidManifest.xml:27:13-36
237            android:theme="@style/Theme.AppInvite.Preview" >
237-->[com.google.android.gms:play-services-appinvite:12.0.1] AndroidManifest.xml:28:13-59
238            <intent-filter>
238-->[com.google.android.gms:play-services-appinvite:12.0.1] AndroidManifest.xml:29:13-33:29
239                <action android:name="com.google.android.gms.appinvite.ACTION_PREVIEW" />
239-->[com.google.android.gms:play-services-appinvite:12.0.1] AndroidManifest.xml:30:17-90
239-->[com.google.android.gms:play-services-appinvite:12.0.1] AndroidManifest.xml:30:25-87
240
241                <category android:name="android.intent.category.DEFAULT" />
241-->[com.google.android.gms:play-services-appinvite:12.0.1] AndroidManifest.xml:32:17-76
241-->[com.google.android.gms:play-services-appinvite:12.0.1] AndroidManifest.xml:32:27-73
242            </intent-filter>
243        </activity>
244        <activity
244-->[com.google.android.gms:play-services-auth:12.0.1] AndroidManifest.xml:23:9-27:75
245            android:name="com.google.android.gms.auth.api.signin.internal.SignInHubActivity"
245-->[com.google.android.gms:play-services-auth:12.0.1] AndroidManifest.xml:24:13-93
246            android:excludeFromRecents="true"
246-->[com.google.android.gms:play-services-auth:12.0.1] AndroidManifest.xml:25:13-46
247            android:exported="false"
247-->[com.google.android.gms:play-services-auth:12.0.1] AndroidManifest.xml:26:13-37
248            android:theme="@android:style/Theme.Translucent.NoTitleBar" />
248-->[com.google.android.gms:play-services-auth:12.0.1] AndroidManifest.xml:27:13-72
249        <!--
250            Service handling Google Sign-In user revocation. For apps that do not integrate with
251            Google Sign-In, this service will never be started.
252        -->
253        <service
253-->[com.google.android.gms:play-services-auth:12.0.1] AndroidManifest.xml:33:9-36:110
254            android:name="com.google.android.gms.auth.api.signin.RevocationBoundService"
254-->[com.google.android.gms:play-services-auth:12.0.1] AndroidManifest.xml:34:13-89
255            android:exported="true"
255-->[com.google.android.gms:play-services-auth:12.0.1] AndroidManifest.xml:35:13-36
256            android:permission="com.google.android.gms.auth.api.signin.permission.REVOCATION_NOTIFICATION" />
256-->[com.google.android.gms:play-services-auth:12.0.1] AndroidManifest.xml:36:13-107
257
258        <activity
258-->[com.google.firebase:firebase-auth:12.0.1] AndroidManifest.xml:23:9-29:75
259            android:name="com.google.firebase.auth.internal.FederatedSignInActivity"
259-->[com.google.firebase:firebase-auth:12.0.1] AndroidManifest.xml:24:13-85
260            android:excludeFromRecents="true"
260-->[com.google.firebase:firebase-auth:12.0.1] AndroidManifest.xml:25:13-46
261            android:exported="true"
261-->[com.google.firebase:firebase-auth:12.0.1] AndroidManifest.xml:26:13-36
262            android:launchMode="singleInstance"
262-->[com.google.firebase:firebase-auth:12.0.1] AndroidManifest.xml:27:13-48
263            android:permission="com.google.firebase.auth.api.gms.permission.LAUNCH_FEDERATED_SIGN_IN"
263-->[com.google.firebase:firebase-auth:12.0.1] AndroidManifest.xml:28:13-102
264            android:theme="@android:style/Theme.Translucent.NoTitleBar" />
264-->[com.google.firebase:firebase-auth:12.0.1] AndroidManifest.xml:29:13-72
265        <activity
265-->[com.google.android.gms:play-services-base:12.0.1] AndroidManifest.xml:23:9-26:75
266            android:name="com.google.android.gms.common.api.GoogleApiActivity"
266-->[com.google.android.gms:play-services-base:12.0.1] AndroidManifest.xml:24:13-79
267            android:exported="false"
267-->[com.google.android.gms:play-services-base:12.0.1] AndroidManifest.xml:25:13-37
268            android:theme="@android:style/Theme.Translucent.NoTitleBar" />
268-->[com.google.android.gms:play-services-base:12.0.1] AndroidManifest.xml:26:13-72
269        <!--
270             FirebaseMessagingService performs security checks at runtime,
271             no need for explicit permissions despite exported="true"
272        -->
273        <service
273-->[com.google.firebase:firebase-messaging:12.0.1] AndroidManifest.xml:28:9-34:19
274            android:name="com.google.firebase.messaging.FirebaseMessagingService"
274-->[com.google.firebase:firebase-messaging:12.0.1] AndroidManifest.xml:29:13-82
275            android:exported="true" >
275-->[com.google.firebase:firebase-messaging:12.0.1] AndroidManifest.xml:30:13-36
276            <intent-filter android:priority="-500" >
276-->[com.google.firebase:firebase-messaging:12.0.1] AndroidManifest.xml:31:13-33:29
276-->[com.google.firebase:firebase-messaging:12.0.1] AndroidManifest.xml:31:28-51
277                <action android:name="com.google.firebase.MESSAGING_EVENT" />